.\Debug\jisuanqi3.ilk
.\Debug\jisuanqi3.pdb
C:\Users\Ye\Desktop\jisuanqi3\jisuanqi3\.\Debug\jisuanqi3.exe
C:\Users\Ye\Desktop\jisuanqi3\jisuanqi3\.\Debug\jisuanqi3.exe.intermediate.manifest
C:\Users\Ye\Desktop\jisuanqi3\jisuanqi3\.\Debug\jisuanqi3.exe.manifest
C:\Users\Ye\Desktop\jisuanqi3\jisuanqi3\Debug\cl.command.1.tlog
C:\Users\Ye\Desktop\jisuanqi3\jisuanqi3\Debug\CL.read.1.tlog
C:\Users\Ye\Desktop\jisuanqi3\jisuanqi3\Debug\CL.write.1.tlog
C:\USERS\YE\DESKTOP\JISUANQI3\JISUANQI3\DEBUG\JISUANQI3.EXE
C:\USERS\YE\DESKTOP\JISUANQI3\JISUANQI3\DEBUG\JISUANQI3.EXE.INTERMEDIATE.MANIFEST
C:\USERS\YE\DESKTOP\JISUANQI3\JISUANQI3\DEBUG\JISUANQI3.EXE.MANIFEST
C:\USERS\YE\DESKTOP\JISUANQI3\JISUANQI3\DEBUG\JISUANQI3.ILK
C:\USERS\YE\DESKTOP\JISUANQI3\JISUANQI3\DEBUG\JISUANQI3.OBJ
C:\USERS\YE\DESKTOP\JISUANQI3\JISUANQI3\DEBUG\JISUANQI3.PCH
C:\USERS\YE\DESKTOP\JISUANQI3\JISUANQI3\DEBUG\JISUANQI3.PDB
C:\USERS\YE\DESKTOP\JISUANQI3\JISUANQI3\DEBUG\JISUANQI3.RES
C:\Users\Ye\Desktop\jisuanqi3\jisuanqi3\Debug\jisuanqi3.write.1.tlog
C:\USERS\YE\DESKTOP\JISUANQI3\JISUANQI3\DEBUG\JISUANQI3DLG.OBJ
C:\Users\Ye\Desktop\jisuanqi3\jisuanqi3\Debug\link.command.1.tlog
C:\Users\Ye\Desktop\jisuanqi3\jisuanqi3\Debug\link.read.1.tlog
C:\Users\Ye\Desktop\jisuanqi3\jisuanqi3\Debug\link.write.1.tlog
C:\Users\Ye\Desktop\jisuanqi3\jisuanqi3\Debug\link-cvtres.read.1.tlog
C:\Users\Ye\Desktop\jisuanqi3\jisuanqi3\Debug\link-cvtres.write.1.tlog
C:\Users\Ye\Desktop\jisuanqi3\jisuanqi3\Debug\mt.command.1.tlog
C:\Users\Ye\Desktop\jisuanqi3\jisuanqi3\Debug\mt.read.1.tlog
C:\Users\Ye\Desktop\jisuanqi3\jisuanqi3\Debug\mt.write.1.tlog
C:\Users\Ye\Desktop\jisuanqi3\jisuanqi3\Debug\rc.command.1.tlog
C:\Users\Ye\Desktop\jisuanqi3\jisuanqi3\Debug\rc.read.1.tlog
C:\Users\Ye\Desktop\jisuanqi3\jisuanqi3\Debug\rc.write.1.tlog
C:\USERS\YE\DESKTOP\JISUANQI3\JISUANQI3\DEBUG\STDAFX.OBJ
C:\Users\Ye\Desktop\jisuanqi3\jisuanqi3\Debug\vc100.idb
C:\USERS\YE\DESKTOP\JISUANQI3\JISUANQI3\DEBUG\VC100.PDB
