生成启动时间为 2017/6/2 21:42:58。
     1>项目“C:\Users\Ye\Desktop\jisuanqi3\jisuanqi3\jisuanqi3.vcxproj”在节点 2 上(build 个目标)。
     1>C:\Program Files (x86)\MSBuild\Microsoft.Cpp\v4.0\Microsoft.CppBuild.targets(299,5): warning MSB8004: Output 目录未以斜杠结尾。此生成实例将添加斜杠，因为必须有这个斜杠才能正确计算 Output 目录。
     1>InitializeBuildStatus:
         正在创建“Debug\jisuanqi3.unsuccessfulbuild”，因为已指定“AlwaysCreate”。
       ClCompile:
         所有输出均为最新。
         d:\software\study_sofeware\VisualStudio2010\VC\bin\CL.exe /c /ZI /nologo /W3 /WX- /Od /Oy- /D WIN32 /D _WINDOWS /D _DEBUG /D _UNICODE /D UNICODE /Gm /EHsc /RTC1 /MTd /GS /fp:precise /Zc:wchar_t /Zc:forScope /Yu"StdAfx.h" /Fp"Debug\jisuanqi3.pch" /Fo"Debug\\" /Fd"Debug\vc100.pdb" /Gd /TP /analyze- /errorReport:prompt jisuanqi3Dlg.cpp
         jisuanqi3Dlg.cpp
       ResourceCompile:
         所有输出均为最新。
       Link:
         d:\software\study_sofeware\VisualStudio2010\VC\bin\link.exe /ERRORREPORT:PROMPT /OUT:".\Debug\jisuanqi3.exe" /INCREMENTAL /NOLOGO /MANIFEST /ManifestFile:"Debug\jisuanqi3.exe.intermediate.manifest" /MANIFESTUAC:"level='asInvoker' uiAccess='false'" /DEBUG /PDB:"C:\Users\Ye\Desktop\jisuanqi3\jisuanqi3\Debug\jisuanqi3.pdb" /SUBSYSTEM:WINDOWS /TLBID:1 /ENTRY:"wWinMainCRTStartup" /DYNAMICBASE /NXCOMPAT /IMPLIB:".\Debug\jisuanqi3.lib" /MACHINE:X86 Debug\jisuanqi3.res
         Debug\jisuanqi3.obj
         Debug\jisuanqi3Dlg.obj
         Debug\stdafx.obj
         jisuanqi3.vcxproj -> C:\Users\Ye\Desktop\jisuanqi3\jisuanqi3\.\Debug\jisuanqi3.exe
       Manifest:
         C:\Program Files (x86)\Microsoft SDKs\Windows\v7.0A\bin\mt.exe /nologo /verbose /out:"C:\Users\Ye\Desktop\jisuanqi3\jisuanqi3\.\Debug\jisuanqi3.exe.manifest" /manifest Debug\jisuanqi3.exe.intermediate.manifest d:\software\study_sofeware\VisualStudio2010\VC\Include\Manifest\dpiaware.manifest
       FinalizeBuildStatus:
         正在删除文件“Debug\jisuanqi3.unsuccessfulbuild”。
         正在对“Debug\jisuanqi3.lastbuildstate”执行 Touch 任务。
     1>已完成生成项目“C:\Users\Ye\Desktop\jisuanqi3\jisuanqi3\jisuanqi3.vcxproj”(build 个目标)的操作。

生成成功。

已用时间 00:00:00.98
